<?xml version="1.0" encoding="UTF-8"?>
<!-- Generated by org.testng.reporters.JUnitXMLReporter -->
<testsuite ignored="0" hostname="DESKTOP-CE6T46C" failures="0" tests="6" name="Surefire test" time="116.007" errors="0" timestamp="2023-09-08T10:39:39 AZT">
  <testcase classname="ABBPageTest" name="checkPageTitle" time="8.931"/>
  <testcase classname="BankTest" name="checkNewWindow" time="18.724"/>
  <testcase classname="BankTest" name="verifyPage" time="14.486"/>
  <testcase classname="CardsPageTest" name="checkCardIsSelected" time="12.531"/>
  <testcase classname="CardsPageTest" name="checkCardsPageTitle" time="13.721"/>
  <testcase classname="IpotekaTest" name="checkChoice" time="25.655"/>
</testsuite> <!-- Surefire test -->
